<?xml version="1.0" encoding="UTF-8"?>
<coverage generated="1641578402220" clover="3.2.0">
  <project timestamp="1641578402220" name="All files">
    <metrics statements="33" coveredstatements="29" conditionals="11" coveredconditionals="7" methods="10" coveredmethods="10" elements="54" coveredelements="46" complexity="0" loc="33" ncloc="33" packages="1" files="2" classes="2"/>
    <file name="Character.js" path="/Users/isaacyanez/Desktop/jest-another-RPG/lib/Character.js">
      <metrics statements="15" coveredstatements="15" conditionals="5" coveredconditionals="4" methods="5" coveredmethods="5"/>
      <line num="3" count="8" type="stmt"/>
      <line num="4" count="8" type="stmt"/>
      <line num="5" count="8" type="stmt"/>
      <line num="6" count="8" type="stmt"/>
      <line num="10" count="2" type="cond" truecount="2" falsecount="0"/>
      <line num="11" count="1" type="stmt"/>
      <line num="13" count="1" type="stmt"/>
      <line num="17" count="1" type="stmt"/>
      <line num="21" count="2" type="stmt"/>
      <line num="22" count="2" type="stmt"/>
      <line num="24" count="2" type="stmt"/>
      <line num="28" count="2" type="stmt"/>
      <line num="30" count="2" type="cond" truecount="2" falsecount="0"/>
      <line num="31" count="1" type="stmt"/>
      <line num="72" count="1" type="stmt"/>
    </file>
    <file name="Player.js" path="/Users/isaacyanez/Desktop/jest-another-RPG/lib/Player.js">
      <metrics statements="18" coveredstatements="14" conditionals="6" coveredconditionals="3" methods="5" coveredmethods="5"/>
      <line num="1" count="1" type="stmt"/>
      <line num="2" count="1" type="stmt"/>
      <line num="7" count="8" type="stmt"/>
      <line num="9" count="8" type="stmt"/>
      <line num="13" count="4" type="stmt"/>
      <line num="22" count="2" type="cond" truecount="2" falsecount="0"/>
      <line num="23" count="1" type="stmt"/>
      <line num="25" count="1" type="stmt"/>
      <line num="29" count="1" type="stmt"/>
      <line num="33" count="1" type="stmt"/>
      <line num="35" count="1" type="cond" truecount="1" falsecount="2"/>
      <line num="37" count="0" type="stmt"/>
      <line num="38" count="0" type="stmt"/>
      <line num="40" count="1" type="stmt"/>
      <line num="41" count="1" type="stmt"/>
      <line num="43" count="0" type="stmt"/>
      <line num="44" count="0" type="stmt"/>
      <line num="49" count="1" type="stmt"/>
    </file>
  </project>
</coverage>
