{"/Users/isaacyanez/Desktop/jest-another-RPG/lib/Character.js": {"path":"/Users/isaacyanez/Desktop/jest-another-RPG/lib/Character.js","statementMap":{"0":{"start":{"line":3,"column":8},"end":{"line":3,"column":25}},"1":{"start":{"line":4,"column":8},"end":{"line":4,"column":58}},"2":{"start":{"line":5,"column":8},"end":{"line":5,"column":58}},"3":{"start":{"line":6,"column":8},"end":{"line":6,"column":58}},"4":{"start":{"line":10,"column":8},"end":{"line":12,"column":9}},"5":{"start":{"line":11,"column":12},"end":{"line":11,"column":25}},"6":{"start":{"line":13,"column":8},"end":{"line":13,"column":20}},"7":{"start":{"line":17,"column":8},"end":{"line":17,"column":61}},"8":{"start":{"line":21,"column":20},"end":{"line":21,"column":37}},"9":{"start":{"line":22,"column":20},"end":{"line":22,"column":37}},"10":{"start":{"line":24,"column":8},"end":{"line":24,"column":61}},"11":{"start":{"line":28,"column":8},"end":{"line":28,"column":30}},"12":{"start":{"line":30,"column":8},"end":{"line":32,"column":10}},"13":{"start":{"line":31,"column":10},"end":{"line":31,"column":26}},"14":{"start":{"line":72,"column":0},"end":{"line":72,"column":27}}},"fnMap":{"0":{"name":"(anonymous_0)","decl":{"start":{"line":2,"column":4},"end":{"line":2,"column":5}},"loc":{"start":{"line":2,"column":27},"end":{"line":7,"column":5}},"line":2},"1":{"name":"(anonymous_1)","decl":{"start":{"line":9,"column":4},"end":{"line":9,"column":5}},"loc":{"start":{"line":9,"column":14},"end":{"line":14,"column":5}},"line":9},"2":{"name":"(anonymous_2)","decl":{"start":{"line":16,"column":4},"end":{"line":16,"column":5}},"loc":{"start":{"line":16,"column":15},"end":{"line":18,"column":5}},"line":16},"3":{"name":"(anonymous_3)","decl":{"start":{"line":20,"column":4},"end":{"line":20,"column":5}},"loc":{"start":{"line":20,"column":21},"end":{"line":25,"column":5}},"line":20},"4":{"name":"(anonymous_4)","decl":{"start":{"line":27,"column":4},"end":{"line":27,"column":5}},"loc":{"start":{"line":27,"column":25},"end":{"line":33,"column":5}},"line":27}},"branchMap":{"0":{"loc":{"start":{"line":2,"column":16},"end":{"line":2,"column":25}},"type":"default-arg","locations":[{"start":{"line":2,"column":23},"end":{"line":2,"column":25}}],"line":2},"1":{"loc":{"start":{"line":10,"column":8},"end":{"line":12,"column":9}},"type":"if","locations":[{"start":{"line":10,"column":8},"end":{"line":12,"column":9}},{"start":{},"end":{}}],"line":10},"2":{"loc":{"start":{"line":30,"column":8},"end":{"line":32,"column":10}},"type":"if","locations":[{"start":{"line":30,"column":8},"end":{"line":32,"column":10}},{"start":{},"end":{}}],"line":30}},"s":{"0":8,"1":8,"2":8,"3":8,"4":2,"5":1,"6":1,"7":1,"8":2,"9":2,"10":2,"11":2,"12":2,"13":1,"14":1},"f":{"0":8,"1":2,"2":1,"3":2,"4":2},"b":{"0":[0],"1":[1,1],"2":[1,1]},"_coverageSchema":"1a1c01bbd47fc00a2c39e90264f33305004495a9","hash":"b8d432b7cc5998312e121e0ffd3f5b59a96d9aed"}
,"/Users/isaacyanez/Desktop/jest-another-RPG/lib/Player.js": {"path":"/Users/isaacyanez/Desktop/jest-another-RPG/lib/Player.js","statementMap":{"0":{"start":{"line":1,"column":15},"end":{"line":1,"column":39}},"1":{"start":{"line":2,"column":18},"end":{"line":2,"column":40}},"2":{"start":{"line":7,"column":8},"end":{"line":7,"column":20}},"3":{"start":{"line":9,"column":6},"end":{"line":9,"column":60}},"4":{"start":{"line":13,"column":6},"end":{"line":18,"column":8}},"5":{"start":{"line":22,"column":6},"end":{"line":24,"column":7}},"6":{"start":{"line":23,"column":8},"end":{"line":23,"column":30}},"7":{"start":{"line":25,"column":6},"end":{"line":25,"column":19}},"8":{"start":{"line":29,"column":6},"end":{"line":29,"column":34}},"9":{"start":{"line":33,"column":21},"end":{"line":33,"column":55}},"10":{"start":{"line":35,"column":6},"end":{"line":45,"column":7}},"11":{"start":{"line":37,"column":10},"end":{"line":37,"column":39}},"12":{"start":{"line":38,"column":10},"end":{"line":38,"column":16}},"13":{"start":{"line":40,"column":10},"end":{"line":40,"column":38}},"14":{"start":{"line":41,"column":10},"end":{"line":41,"column":16}},"15":{"start":{"line":43,"column":10},"end":{"line":43,"column":40}},"16":{"start":{"line":44,"column":10},"end":{"line":44,"column":16}},"17":{"start":{"line":49,"column":0},"end":{"line":49,"column":24}}},"fnMap":{"0":{"name":"(anonymous_0)","decl":{"start":{"line":5,"column":4},"end":{"line":5,"column":5}},"loc":{"start":{"line":5,"column":27},"end":{"line":10,"column":5}},"line":5},"1":{"name":"(anonymous_1)","decl":{"start":{"line":12,"column":4},"end":{"line":12,"column":5}},"loc":{"start":{"line":12,"column":15},"end":{"line":19,"column":5}},"line":12},"2":{"name":"(anonymous_2)","decl":{"start":{"line":21,"column":4},"end":{"line":21,"column":5}},"loc":{"start":{"line":21,"column":19},"end":{"line":26,"column":5}},"line":21},"3":{"name":"(anonymous_3)","decl":{"start":{"line":28,"column":4},"end":{"line":28,"column":5}},"loc":{"start":{"line":28,"column":22},"end":{"line":30,"column":5}},"line":28},"4":{"name":"(anonymous_4)","decl":{"start":{"line":32,"column":4},"end":{"line":32,"column":5}},"loc":{"start":{"line":32,"column":21},"end":{"line":46,"column":5}},"line":32}},"branchMap":{"0":{"loc":{"start":{"line":5,"column":16},"end":{"line":5,"column":25}},"type":"default-arg","locations":[{"start":{"line":5,"column":23},"end":{"line":5,"column":25}}],"line":5},"1":{"loc":{"start":{"line":22,"column":6},"end":{"line":24,"column":7}},"type":"if","locations":[{"start":{"line":22,"column":6},"end":{"line":24,"column":7}},{"start":{},"end":{}}],"line":22},"2":{"loc":{"start":{"line":35,"column":6},"end":{"line":45,"column":7}},"type":"switch","locations":[{"start":{"line":36,"column":8},"end":{"line":38,"column":16}},{"start":{"line":39,"column":8},"end":{"line":41,"column":16}},{"start":{"line":42,"column":8},"end":{"line":44,"column":16}}],"line":35}},"s":{"0":1,"1":1,"2":8,"3":8,"4":4,"5":2,"6":1,"7":1,"8":1,"9":1,"10":1,"11":0,"12":0,"13":1,"14":1,"15":0,"16":0,"17":1},"f":{"0":8,"1":4,"2":2,"3":1,"4":1},"b":{"0":[0],"1":[1,1],"2":[0,1,0]},"_coverageSchema":"1a1c01bbd47fc00a2c39e90264f33305004495a9","hash":"9bbfd4cffb02659f5e13fdeaf4feb686f85607bf"}
}
