TN:
SF:lib/Player.js
FN:3,Player
FN:12,(anonymous_1)
FN:21,(anonymous_2)
FN:28,(anonymous_3)
FN:32,(anonymous_4)
FN:40,(anonymous_5)
FN:48,(anonymous_6)
FN:55,(anonymous_7)
FN:59,(anonymous_8)
FNF:9
FNH:9
FNDA:8,Player
FNDA:4,(anonymous_1)
FNDA:3,(anonymous_2)
FNDA:1,(anonymous_3)
FNDA:2,(anonymous_4)
FNDA:2,(anonymous_5)
FNDA:2,(anonymous_6)
FNDA:1,(anonymous_7)
FNDA:1,(anonymous_8)
DA:1,1
DA:4,8
DA:6,8
DA:7,8
DA:8,8
DA:9,8
DA:12,8
DA:13,4
DA:21,8
DA:22,3
DA:23,2
DA:25,1
DA:28,8
DA:29,1
DA:32,8
DA:33,2
DA:34,1
DA:36,1
DA:40,8
DA:41,2
DA:43,2
DA:44,1
DA:48,8
DA:49,2
DA:50,2
DA:52,2
DA:55,8
DA:56,1
DA:59,8
DA:60,1
DA:62,1
DA:64,0
DA:65,0
DA:67,1
DA:68,1
DA:70,0
DA:71,0
DA:77,1
LF:38
LH:34
BRDA:3,0,0,0
BRDA:22,1,0,2
BRDA:22,1,1,1
BRDA:33,2,0,1
BRDA:33,2,1,1
BRDA:43,3,0,1
BRDA:43,3,1,1
BRDA:62,4,0,0
BRDA:62,4,1,1
BRDA:62,4,2,0
BRF:10
BRH:7
end_of_record
TN:
SF:lib/Potion.js
FN:1,Potion
FNF:1
FNH:1
FNDA:2,Potion
DA:2,2
DA:3,2
DA:5,2
DA:6,1
DA:8,1
DA:12,1
LF:6
LH:6
BRDA:3,0,0,2
BRDA:3,0,1,1
BRDA:5,1,0,1
BRDA:5,1,1,1
BRF:4
BRH:4
end_of_record
