TN:
SF:lib/Character.js
FN:2,(anonymous_0)
FN:9,(anonymous_1)
FN:16,(anonymous_2)
FN:20,(anonymous_3)
FN:27,(anonymous_4)
FNF:5
FNH:5
FNDA:8,(anonymous_0)
FNDA:2,(anonymous_1)
FNDA:1,(anonymous_2)
FNDA:2,(anonymous_3)
FNDA:2,(anonymous_4)
DA:3,8
DA:4,8
DA:5,8
DA:6,8
DA:10,2
DA:11,1
DA:13,1
DA:17,1
DA:21,2
DA:22,2
DA:24,2
DA:28,2
DA:30,2
DA:31,1
DA:72,1
LF:15
LH:15
BRDA:2,0,0,0
BRDA:10,1,0,1
BRDA:10,1,1,1
BRDA:30,2,0,1
BRDA:30,2,1,1
BRF:5
BRH:4
end_of_record
TN:
SF:lib/Player.js
FN:5,(anonymous_0)
FN:12,(anonymous_1)
FN:21,(anonymous_2)
FN:28,(anonymous_3)
FN:32,(anonymous_4)
FNF:5
FNH:5
FNDA:8,(anonymous_0)
FNDA:4,(anonymous_1)
FNDA:2,(anonymous_2)
FNDA:1,(anonymous_3)
FNDA:1,(anonymous_4)
DA:1,1
DA:2,1
DA:7,8
DA:9,8
DA:13,4
DA:22,2
DA:23,1
DA:25,1
DA:29,1
DA:33,1
DA:35,1
DA:37,0
DA:38,0
DA:40,1
DA:41,1
DA:43,0
DA:44,0
DA:49,1
LF:18
LH:14
BRDA:5,0,0,0
BRDA:22,1,0,1
BRDA:22,1,1,1
BRDA:35,2,0,0
BRDA:35,2,1,1
BRDA:35,2,2,0
BRF:6
BRH:3
end_of_record
